TN:
SF:src\domain\chart\useCases\ChartAddProductUseCase.ts
FN:11,(anonymous_11)
FN:16,(anonymous_12)
FNF:2
FNH:0
FNDA:0,(anonymous_11)
FNDA:0,(anonymous_12)
DA:2,1
DA:8,1
DA:13,0
DA:19,0
LF:4
LH:2
BRF:0
BRH:0
end_of_record
TN:
SF:src\domain\chart\useCases\ChartFindAllProductsUseCase.ts
FN:10,(anonymous_11)
FN:15,(anonymous_12)
FNF:2
FNH:0
FNDA:0,(anonymous_11)
FNDA:0,(anonymous_12)
DA:2,1
DA:7,1
DA:12,0
DA:16,0
LF:4
LH:2
BRF:0
BRH:0
end_of_record
TN:
SF:src\domain\chart\useCases\ChartNewUseCase.ts
FN:11,(anonymous_11)
FN:16,(anonymous_12)
FNF:2
FNH:0
FNDA:0,(anonymous_11)
FNDA:0,(anonymous_12)
DA:2,1
DA:8,1
DA:13,0
DA:19,0
LF:4
LH:2
BRF:0
BRH:0
end_of_record
TN:
SF:src\domain\product\useCases\ProductCreateUseCase.ts
FN:11,(anonymous_11)
FN:16,(anonymous_12)
FNF:2
FNH:0
FNDA:0,(anonymous_11)
FNDA:0,(anonymous_12)
DA:1,1
DA:8,1
DA:13,0
DA:17,0
LF:4
LH:2
BRF:0
BRH:0
end_of_record
TN:
SF:src\domain\product\useCases\ProductDeleteUseCase.ts
FN:11,(anonymous_11)
FN:16,(anonymous_12)
FNF:2
FNH:0
FNDA:0,(anonymous_11)
FNDA:0,(anonymous_12)
DA:1,1
DA:8,1
DA:13,0
DA:17,0
LF:4
LH:2
BRF:0
BRH:0
end_of_record
TN:
SF:src\domain\product\useCases\ProductFindAllUseCase.ts
FN:11,(anonymous_11)
FN:16,(anonymous_12)
FNF:2
FNH:0
FNDA:0,(anonymous_11)
FNDA:0,(anonymous_12)
DA:1,1
DA:8,1
DA:13,0
DA:17,0
LF:4
LH:2
BRF:0
BRH:0
end_of_record
TN:
SF:src\domain\product\useCases\ProductFindByIdUseCase.ts
FN:11,(anonymous_11)
FN:16,(anonymous_12)
FNF:2
FNH:0
FNDA:0,(anonymous_11)
FNDA:0,(anonymous_12)
DA:2,0
DA:8,0
DA:13,0
DA:17,0
LF:4
LH:0
BRF:0
BRH:0
end_of_record
TN:
SF:src\domain\product\useCases\ProductFindBySlugUseCase.ts
FN:11,(anonymous_11)
FN:16,(anonymous_12)
FNF:2
FNH:0
FNDA:0,(anonymous_11)
FNDA:0,(anonymous_12)
DA:1,1
DA:8,1
DA:13,0
DA:17,0
LF:4
LH:2
BRF:0
BRH:0
end_of_record
TN:
SF:src\domain\product\useCases\ProductUpdateUseCase.ts
FN:11,(anonymous_11)
FN:16,(anonymous_12)
FNF:2
FNH:0
FNDA:0,(anonymous_11)
FNDA:0,(anonymous_12)
DA:1,1
DA:8,1
DA:13,0
DA:17,0
LF:4
LH:2
BRF:0
BRH:0
end_of_record
TN:
SF:src\domain\user\useCases\UserFindByIdUseCase.ts
FN:11,(anonymous_11)
FN:16,(anonymous_12)
FNF:2
FNH:0
FNDA:0,(anonymous_11)
FNDA:0,(anonymous_12)
DA:1,1
DA:8,1
DA:13,0
DA:17,0
LF:4
LH:2
BRF:0
BRH:0
end_of_record
TN:
SF:src\domain\user\useCases\UserLoginUseCase.ts
FN:11,(anonymous_11)
FN:16,(anonymous_12)
FNF:2
FNH:0
FNDA:0,(anonymous_11)
FNDA:0,(anonymous_12)
DA:1,1
DA:8,1
DA:13,0
DA:17,0
LF:4
LH:2
BRF:0
BRH:0
end_of_record
TN:
SF:src\domain\user\useCases\UserRegisterUseCase.ts
FN:11,(anonymous_11)
FN:16,(anonymous_12)
FNF:2
FNH:0
FNDA:0,(anonymous_11)
FNDA:0,(anonymous_12)
DA:1,1
DA:8,1
DA:13,0
DA:17,0
LF:4
LH:2
BRF:0
BRH:0
end_of_record
TN:
SF:src\domain\videos\useCases\VideoCreateUseCase.ts
FN:11,(anonymous_11)
FN:16,(anonymous_12)
FNF:2
FNH:0
FNDA:0,(anonymous_11)
FNDA:0,(anonymous_12)
DA:1,1
DA:8,1
DA:13,0
DA:17,0
LF:4
LH:2
BRF:0
BRH:0
end_of_record
TN:
SF:src\domain\videos\useCases\VideoDeleteUseCase.ts
FN:11,(anonymous_11)
FN:16,(anonymous_12)
FNF:2
FNH:0
FNDA:0,(anonymous_11)
FNDA:0,(anonymous_12)
DA:2,1
DA:8,1
DA:13,0
DA:17,0
LF:4
LH:2
BRF:0
BRH:0
end_of_record
TN:
SF:src\domain\videos\useCases\VideoFindAllUseCase.ts
FN:11,(anonymous_11)
FN:16,(anonymous_12)
FNF:2
FNH:0
FNDA:0,(anonymous_11)
FNDA:0,(anonymous_12)
DA:1,1
DA:8,1
DA:13,0
DA:17,0
LF:4
LH:2
BRF:0
BRH:0
end_of_record
TN:
SF:src\domain\videos\useCases\VideoFindByIdUseCase.ts
FN:11,(anonymous_11)
FN:16,(anonymous_12)
FNF:2
FNH:0
FNDA:0,(anonymous_11)
FNDA:0,(anonymous_12)
DA:1,1
DA:8,1
DA:13,0
DA:17,0
LF:4
LH:2
BRF:0
BRH:0
end_of_record
TN:
SF:src\domain\videos\useCases\VideoUpdateUseCase.ts
FN:11,(anonymous_11)
FN:16,(anonymous_12)
FNF:2
FNH:0
FNDA:0,(anonymous_11)
FNDA:0,(anonymous_12)
DA:1,1
DA:8,1
DA:13,0
DA:17,0
LF:4
LH:2
BRF:0
BRH:0
end_of_record
